2018-12-03 11:53:06 12984 [Note] Plugin 'FEDERATED' is disabled.
2018-12-03 11:53:07 12984 [Note] InnoDB: The InnoDB memory heap is disabled
2018-12-03 11:53:07 12984 [Note] InnoDB: Mutexes and rw_locks use Windows interlocked functions
2018-12-03 11:53:07 12984 [Note] InnoDB: Compressed tables use zlib 1.2.3
2018-12-03 11:53:07 12984 [Note] InnoDB: Not using CPU crc32 instructions
2018-12-03 11:53:07 12984 [Note] InnoDB: Initializing buffer pool, size = 128.0M
2018-12-03 11:53:07 12984 [Note] InnoDB: Completed initialization of buffer pool
2018-12-03 11:53:07 12984 [Note] InnoDB: Setting log file C:\Users\PAT18161674\Documents\neueda-springboot-2018\USB Web Server\mysql\data\ib_logfile101 size to 5 MB
2018-12-03 11:53:07 12984 [Note] InnoDB: Setting log file C:\Users\PAT18161674\Documents\neueda-springboot-2018\USB Web Server\mysql\data\ib_logfile1 size to 5 MB
2018-12-03 11:53:07 12984 [Note] InnoDB: Renaming log file C:\Users\PAT18161674\Documents\neueda-springboot-2018\USB Web Server\mysql\data\ib_logfile101 to C:\Users\PAT18161674\Documents\neueda-springboot-2018\USB Web Server\mysql\data\ib_logfile0
2018-12-03 11:53:08 12984 [Warning] InnoDB: New log files created, LSN=1626134
2018-12-03 11:53:08 12984 [Note] InnoDB: Highest supported file format is Barracuda.
2018-12-03 11:53:08 12984 [Note] InnoDB: 128 rollback segment(s) are active.
2018-12-03 11:53:08 12984 [Note] InnoDB: Waiting for purge to start
2018-12-03 11:53:08 12984 [Note] InnoDB: 5.6.13 started; log sequence number 1626636
2018-12-03 11:53:08 12984 [Warning] No existing UUID has been found, so we assume that this is the first time that this server has been started. Generating a new UUID: 008628d3-f6f2-11e8-a7d0-40a8f0429c8e.
2018-12-03 11:53:08 12984 [Note] Server hostname (bind-address): '*'; port: 3307
2018-12-03 11:53:08 12984 [Note] IPv6 is available.
2018-12-03 11:53:08 12984 [Note]   - '::' resolves to '::';
2018-12-03 11:53:08 12984 [Note] Server socket created on IP: '::'.
2018-12-03 12:15:23 8004 [Note] Plugin 'FEDERATED' is disabled.
2018-12-03 12:15:23 8004 [Note] InnoDB: The InnoDB memory heap is disabled
2018-12-03 12:15:23 8004 [Note] InnoDB: Mutexes and rw_locks use Windows interlocked functions
2018-12-03 12:15:23 8004 [Note] InnoDB: Compressed tables use zlib 1.2.3
2018-12-03 12:15:23 8004 [Note] InnoDB: Not using CPU crc32 instructions
2018-12-03 12:15:23 8004 [Note] InnoDB: Initializing buffer pool, size = 128.0M
2018-12-03 12:15:23 8004 [Note] InnoDB: Completed initialization of buffer pool
2018-12-03 12:15:24 8004 [Note] InnoDB: Highest supported file format is Barracuda.
2018-12-03 12:15:24 8004 [Note] InnoDB: The log sequence numbers 1626134 and 1626134 in ibdata files do not match the log sequence number 1626646 in the ib_logfiles!
2018-12-03 12:15:24 8004 [Note] InnoDB: Database was not shutdown normally!
2018-12-03 12:15:24 8004 [Note] InnoDB: Starting crash recovery.
2018-12-03 12:15:24 8004 [Note] InnoDB: Reading tablespace information from the .ibd files...
2018-12-03 12:15:24 8004 [Note] InnoDB: Restoring possible half-written data pages 
2018-12-03 12:15:24 8004 [Note] InnoDB: from the doublewrite buffer...
2018-12-03 12:15:24 8004 [Note] InnoDB: 128 rollback segment(s) are active.
2018-12-03 12:15:24 8004 [Note] InnoDB: Waiting for purge to start
2018-12-03 12:15:24 8004 [Note] InnoDB: 5.6.13 started; log sequence number 1626646
2018-12-03 12:15:24 8004 [Note] Server hostname (bind-address): '*'; port: 3306
2018-12-03 12:15:24 8004 [Note] IPv6 is available.
2018-12-03 12:15:24 8004 [Note]   - '::' resolves to '::';
2018-12-03 12:15:24 8004 [Note] Server socket created on IP: '::'.
2018-12-03 12:15:30 804 [Note] Plugin 'FEDERATED' is disabled.
2018-12-03 12:15:30 804 [Note] InnoDB: The InnoDB memory heap is disabled
2018-12-03 12:15:30 804 [Note] InnoDB: Mutexes and rw_locks use Windows interlocked functions
2018-12-03 12:15:30 804 [Note] InnoDB: Compressed tables use zlib 1.2.3
2018-12-03 12:15:30 804 [Note] InnoDB: Not using CPU crc32 instructions
2018-12-03 12:15:30 804 [Note] InnoDB: Initializing buffer pool, size = 128.0M
2018-12-03 12:15:30 804 [Note] InnoDB: Completed initialization of buffer pool
2018-12-03 12:15:30 804 [Note] InnoDB: Highest supported file format is Barracuda.
2018-12-03 12:15:30 804 [Note] InnoDB: The log sequence numbers 1626134 and 1626134 in ibdata files do not match the log sequence number 1626656 in the ib_logfiles!
2018-12-03 12:15:30 804 [Note] InnoDB: Database was not shutdown normally!
2018-12-03 12:15:30 804 [Note] InnoDB: Starting crash recovery.
2018-12-03 12:15:30 804 [Note] InnoDB: Reading tablespace information from the .ibd files...
2018-12-03 12:15:30 804 [Note] InnoDB: Restoring possible half-written data pages 
2018-12-03 12:15:30 804 [Note] InnoDB: from the doublewrite buffer...
2018-12-03 12:15:30 804 [Note] InnoDB: 128 rollback segment(s) are active.
2018-12-03 12:15:30 804 [Note] InnoDB: Waiting for purge to start
2018-12-03 12:15:30 804 [Note] InnoDB: 5.6.13 started; log sequence number 1626656
2018-12-03 12:15:30 804 [Note] Server hostname (bind-address): '*'; port: 3306
2018-12-03 12:15:30 804 [Note] IPv6 is available.
2018-12-03 12:15:30 804 [Note]   - '::' resolves to '::';
2018-12-03 12:15:30 804 [Note] Server socket created on IP: '::'.
2018-12-03 14:17:40 4440 [Note] Plugin 'FEDERATED' is disabled.
2018-12-03 14:17:40 4440 [Note] InnoDB: The InnoDB memory heap is disabled
2018-12-03 14:17:40 4440 [Note] InnoDB: Mutexes and rw_locks use Windows interlocked functions
2018-12-03 14:17:40 4440 [Note] InnoDB: Compressed tables use zlib 1.2.3
2018-12-03 14:17:40 4440 [Note] InnoDB: Not using CPU crc32 instructions
2018-12-03 14:17:40 4440 [Note] InnoDB: Initializing buffer pool, size = 128.0M
2018-12-03 14:17:40 4440 [Note] InnoDB: Completed initialization of buffer pool
2018-12-03 14:17:40 4440 [Note] InnoDB: Highest supported file format is Barracuda.
2018-12-03 14:17:40 4440 [Note] InnoDB: The log sequence numbers 1626134 and 1626134 in ibdata files do not match the log sequence number 1626666 in the ib_logfiles!
2018-12-03 14:17:40 4440 [Note] InnoDB: Database was not shutdown normally!
2018-12-03 14:17:40 4440 [Note] InnoDB: Starting crash recovery.
2018-12-03 14:17:40 4440 [Note] InnoDB: Reading tablespace information from the .ibd files...
2018-12-03 14:17:40 4440 [Note] InnoDB: Restoring possible half-written data pages 
2018-12-03 14:17:40 4440 [Note] InnoDB: from the doublewrite buffer...
2018-12-03 14:17:41 4440 [Note] InnoDB: 128 rollback segment(s) are active.
2018-12-03 14:17:41 4440 [Note] InnoDB: Waiting for purge to start
2018-12-03 14:17:41 4440 [Note] InnoDB: 5.6.13 started; log sequence number 1626666
2018-12-03 14:17:41 4440 [Note] Server hostname (bind-address): '*'; port: 3306
2018-12-03 14:17:41 4440 [Note] IPv6 is available.
2018-12-03 14:17:41 4440 [Note]   - '::' resolves to '::';
2018-12-03 14:17:41 4440 [Note] Server socket created on IP: '::'.
2018-12-03 14:17:43 11964 [Note] Plugin 'FEDERATED' is disabled.
2018-12-03 14:17:43 11964 [Note] InnoDB: The InnoDB memory heap is disabled
2018-12-03 14:17:43 11964 [Note] InnoDB: Mutexes and rw_locks use Windows interlocked functions
2018-12-03 14:17:43 11964 [Note] InnoDB: Compressed tables use zlib 1.2.3
2018-12-03 14:17:43 11964 [Note] InnoDB: Not using CPU crc32 instructions
2018-12-03 14:17:43 11964 [Note] InnoDB: Initializing buffer pool, size = 128.0M
2018-12-03 14:17:43 11964 [Note] InnoDB: Completed initialization of buffer pool
2018-12-03 14:17:43 11964 [ERROR] InnoDB: C:\Users\PAT18161674\Documents\neueda-springboot-2018\USB Web Server\mysql\data\ibdata1 can't be opened in read-write mode
2018-12-03 14:17:43 11964 [ERROR] InnoDB: The system tablespace must be writable!
2018-12-03 14:17:43 11964 [ERROR] Plugin 'InnoDB' init function returned error.
2018-12-03 14:17:43 11964 [ERROR] Plugin 'InnoDB' registration as a STORAGE ENGINE failed.
2018-12-03 14:17:43 11964 [ERROR] Unknown/unsupported storage engine: InnoDB
2018-12-03 14:17:43 11964 [ERROR] Aborting

2018-12-03 14:17:43 11964 [Note] Binlog end
2018-12-03 14:17:43 11964 [Note] Shutting down plugin 'partition'
2018-12-03 14:17:43 11964 [Note] Shutting down plugin 'PERFORMANCE_SCHEMA'
2018-12-03 14:17:43 11964 [Note] Shutting down plugin 'INNODB_SYS_DATAFILES'
2018-12-03 14:17:43 11964 [Note] Shutting down plugin 'INNODB_SYS_TABLESPACES'
2018-12-03 14:17:43 11964 [Note] Shutting down plugin 'INNODB_SYS_FOREIGN_COLS'
2018-12-03 14:17:43 11964 [Note] Shutting down plugin 'INNODB_SYS_FOREIGN'
2018-12-03 14:17:43 11964 [Note] Shutting down plugin 'INNODB_SYS_FIELDS'
2018-12-03 14:17:43 11964 [Note] Shutting down plugin 'INNODB_SYS_COLUMNS'
2018-12-03 14:17:43 11964 [Note] Shutting down plugin 'INNODB_SYS_INDEXES'
2018-12-03 14:17:43 11964 [Note] Shutting down plugin 'INNODB_SYS_TABLESTATS'
2018-12-03 14:17:43 11964 [Note] Shutting down plugin 'INNODB_SYS_TABLES'
2018-12-03 14:17:43 11964 [Note] Shutting down plugin 'INNODB_FT_INDEX_TABLE'
2018-12-03 14:17:43 11964 [Note] Shutting down plugin 'INNODB_FT_INDEX_CACHE'
2018-12-03 14:17:43 11964 [Note] Shutting down plugin 'INNODB_FT_CONFIG'
2018-12-03 14:17:43 11964 [Note] Shutting down plugin 'INNODB_FT_BEING_DELETED'
2018-12-03 14:17:43 11964 [Note] Shutting down plugin 'INNODB_FT_DELETED'
2018-12-03 14:17:43 11964 [Note] Shutting down plugin 'INNODB_FT_DEFAULT_STOPWORD'
2018-12-03 14:17:43 11964 [Note] Shutting down plugin 'INNODB_METRICS'
2018-12-03 14:17:43 11964 [Note] Shutting down plugin 'INNODB_BUFFER_POOL_STATS'
2018-12-03 14:17:43 11964 [Note] Shutting down plugin 'INNODB_BUFFER_PAGE_LRU'
2018-12-03 14:17:43 11964 [Note] Shutting down plugin 'INNODB_BUFFER_PAGE'
2018-12-03 14:17:43 11964 [Note] Shutting down plugin 'INNODB_CMP_PER_INDEX_RESET'
2018-12-03 14:17:43 11964 [Note] Shutting down plugin 'INNODB_CMP_PER_INDEX'
2018-12-03 14:17:43 11964 [Note] Shutting down plugin 'INNODB_CMPMEM_RESET'
2018-12-03 14:17:43 11964 [Note] Shutting down plugin 'INNODB_CMPMEM'
2018-12-03 14:17:43 11964 [Note] Shutting down plugin 'INNODB_CMP_RESET'
2018-12-03 14:17:43 11964 [Note] Shutting down plugin 'INNODB_CMP'
2018-12-03 14:17:43 11964 [Note] Shutting down plugin 'INNODB_LOCK_WAITS'
2018-12-03 14:17:43 11964 [Note] Shutting down plugin 'INNODB_LOCKS'
2018-12-03 14:17:43 11964 [Note] Shutting down plugin 'INNODB_TRX'
2018-12-03 14:17:43 11964 [Note] Shutting down plugin 'BLACKHOLE'
2018-12-03 14:17:43 11964 [Note] Shutting down plugin 'ARCHIVE'
2018-12-03 14:17:43 11964 [Note] Shutting down plugin 'MRG_MYISAM'
2018-12-03 14:17:43 11964 [Note] Shutting down plugin 'MyISAM'
2018-12-03 14:17:43 11964 [Note] Shutting down plugin 'MEMORY'
2018-12-03 14:17:43 11964 [Note] Shutting down plugin 'CSV'
2018-12-03 14:17:43 11964 [Note] Shutting down plugin 'sha256_password'
2018-12-03 14:17:43 11964 [Note] Shutting down plugin 'mysql_old_password'
2018-12-03 14:17:43 11964 [Note] Shutting down plugin 'mysql_native_password'
2018-12-03 14:17:43 11964 [Note] Shutting down plugin 'binlog'
2018-12-03 14:17:43 11964 [Note] C:\Users\PAT18161674\Documents\neueda-springboot-2018\USB Web Server/mysql/bin/mysqld_usbwv8.exe: Shutdown complete

2018-12-04 09:10:53 10060 [Note] Plugin 'FEDERATED' is disabled.
2018-12-04 09:10:53 10060 [Note] InnoDB: The InnoDB memory heap is disabled
2018-12-04 09:10:53 10060 [Note] InnoDB: Mutexes and rw_locks use Windows interlocked functions
2018-12-04 09:10:53 10060 [Note] InnoDB: Compressed tables use zlib 1.2.3
2018-12-04 09:10:53 10060 [Note] InnoDB: Not using CPU crc32 instructions
2018-12-04 09:10:53 10060 [Note] InnoDB: Initializing buffer pool, size = 128.0M
2018-12-04 09:10:53 10060 [Note] InnoDB: Completed initialization of buffer pool
2018-12-04 09:10:53 10060 [Note] InnoDB: Highest supported file format is Barracuda.
2018-12-04 09:10:53 10060 [Note] InnoDB: The log sequence numbers 1626134 and 1626134 in ibdata files do not match the log sequence number 1626676 in the ib_logfiles!
2018-12-04 09:10:53 10060 [Note] InnoDB: Database was not shutdown normally!
2018-12-04 09:10:53 10060 [Note] InnoDB: Starting crash recovery.
2018-12-04 09:10:53 10060 [Note] InnoDB: Reading tablespace information from the .ibd files...
2018-12-04 09:10:53 10060 [Note] InnoDB: Restoring possible half-written data pages 
2018-12-04 09:10:53 10060 [Note] InnoDB: from the doublewrite buffer...
2018-12-04 09:10:54 10060 [Note] InnoDB: 128 rollback segment(s) are active.
2018-12-04 09:10:54 10060 [Note] InnoDB: Waiting for purge to start
2018-12-04 09:10:54 10060 [Note] InnoDB: 5.6.13 started; log sequence number 1626676
2018-12-04 09:10:54 10060 [Note] Server hostname (bind-address): '*'; port: 3306
2018-12-04 09:10:54 10060 [Note] IPv6 is available.
2018-12-04 09:10:54 10060 [Note]   - '::' resolves to '::';
2018-12-04 09:10:54 10060 [Note] Server socket created on IP: '::'.
2018-12-05 09:17:54 3692 [Note] Plugin 'FEDERATED' is disabled.
2018-12-05 09:17:55 3692 [Note] InnoDB: The InnoDB memory heap is disabled
2018-12-05 09:17:55 3692 [Note] InnoDB: Mutexes and rw_locks use Windows interlocked functions
2018-12-05 09:17:55 3692 [Note] InnoDB: Compressed tables use zlib 1.2.3
2018-12-05 09:17:55 3692 [Note] InnoDB: Not using CPU crc32 instructions
2018-12-05 09:17:56 3692 [Note] InnoDB: Initializing buffer pool, size = 128.0M
2018-12-05 09:17:56 3692 [Note] InnoDB: Completed initialization of buffer pool
2018-12-05 09:17:57 3692 [Note] InnoDB: Highest supported file format is Barracuda.
2018-12-05 09:17:57 3692 [Note] InnoDB: The log sequence numbers 1626134 and 1626134 in ibdata files do not match the log sequence number 1626686 in the ib_logfiles!
2018-12-05 09:17:57 3692 [Note] InnoDB: Database was not shutdown normally!
2018-12-05 09:17:57 3692 [Note] InnoDB: Starting crash recovery.
2018-12-05 09:17:57 3692 [Note] InnoDB: Reading tablespace information from the .ibd files...
2018-12-05 09:18:01 3692 [Note] InnoDB: Restoring possible half-written data pages 
2018-12-05 09:18:01 3692 [Note] InnoDB: from the doublewrite buffer...
2018-12-05 09:18:12 3692 [Note] InnoDB: 128 rollback segment(s) are active.
2018-12-05 09:18:12 3692 [Note] InnoDB: Waiting for purge to start
2018-12-05 09:18:12 3692 [Note] InnoDB: Waiting for purge to start
2018-12-05 09:18:12 3692 [Note] InnoDB: 5.6.13 started; log sequence number 1626686
2018-12-05 09:18:13 3692 [Note] Server hostname (bind-address): '*'; port: 3306
2018-12-05 09:18:13 3692 [Note] IPv6 is available.
2018-12-05 09:18:13 3692 [Note]   - '::' resolves to '::';
2018-12-05 09:18:13 3692 [Note] Server socket created on IP: '::'.
